<?xml version="1.0" encoding="UTF-8"?>
<testsuite xmlns:xsi="http://www.w3.org/2001/XMLSchema-instance" xsi:noNamespaceSchemaLocation="https://maven.apache.org/surefire/maven-surefire-plugin/xsd/surefire-test-report.xsd" name="TestSuite" time="25.49" tests="3" errors="0" skipped="0" failures="0">
  <properties>
[...]
</properties>
  <testcase name="User_01_Register" classname="com.nopcommerce.user.Level_22_Multiple_Environment_Owner" time="13.076"/>
  <testcase name="User_02_Login" classname="com.nopcommerce.user.Level_22_Multiple_Environment_Owner" time="1.572"/>
  <testcase name="User_03_My_Account" classname="com.nopcommerce.user.Level_22_Multiple_Environment_Owner" time="0.643"/>
</testsuite>