<?xml version="1.0" encoding="UTF-8"?>
<testng-results ignored="0" total="3" passed="3" failed="0" skipped="0">
  <reporter-output>
    <line>
      <![CDATA[[INFO ] [2023-04-03 22:23:43,261] Register - Step 01: Navigate to 'Register' page
<br>]]>
    </line>
    <line>
      <![CDATA[[INFO ] [2023-04-03 22:23:43,854] Register - Step 02: Click to Radio Button
<br>]]>
    </line>
    <line>
      <![CDATA[[INFO ] [2023-04-03 22:23:44,013] Register - Step 03: Enter to Firstname textbox with value is 'Automation'
<br>]]>
    </line>
    <line>
      <![CDATA[[INFO ] [2023-04-03 22:23:44,254] Register - Step 04: Enter to Lastname textbox with value is 'FC'
<br>]]>
    </line>
    <line>
      <![CDATA[[INFO ] [2023-04-03 22:23:44,396] Register - Step 05: Select to dropdown DateOfBirthDay with value is '24'
<br>]]>
    </line>
    <line>
      <![CDATA[[INFO ] [2023-04-03 22:23:44,572] Register - Step 06: Select to dropdown DateOfBirthMonth with value is '11'
<br>]]>
    </line>
    <line>
      <![CDATA[[INFO ] [2023-04-03 22:23:44,683] Register - Step 07: Select to dropdown DateOfBirthYear with value is '1994'
<br>]]>
    </line>
    <line>
      <![CDATA[[INFO ] [2023-04-03 22:23:44,791] Register - Step 08: Enter to Email textbox with value is 'automationfc32512@fakemail.com'
<br>]]>
    </line>
    <line>
      <![CDATA[[INFO ] [2023-04-03 22:23:45,055] Register - Step 09: Enter to Password textbox with value is '123456'
<br>]]>
    </line>
    <line>
      <![CDATA[[INFO ] [2023-04-03 22:23:45,203] Register - Step 10: Enter to Confirm Password textbox with value is '123456'
<br>]]>
    </line>
    <line>
      <![CDATA[[INFO ] [2023-04-03 22:23:45,339] Register - Step 11: Click to Check Box
<br>]]>
    </line>
    <line>
      <![CDATA[[INFO ] [2023-04-03 22:23:55,411] Register - Step 12: Click to 'Register' button
<br>]]>
    </line>
    <line>
      <![CDATA[[INFO ] [2023-04-03 22:23:56,207] Register - Step 13: Verify register success message is displayed
<br>]]>
    </line>
    <line>
      <![CDATA[[INFO ] [2023-04-03 22:23:56,396] Login - Step 01: Navigate to 'Login' page
<br>]]>
    </line>
    <line>
      <![CDATA[[INFO ] [2023-04-03 22:23:56,839] Login - Step 02: Enter to Email textbox with value is 'automationfc32512@fakemail.com'
<br>]]>
    </line>
    <line>
      <![CDATA[[INFO ] [2023-04-03 22:23:56,997] Login - Step 03: Enter to Password textbox with value is '123456'
<br>]]>
    </line>
    <line>
      <![CDATA[[INFO ] [2023-04-03 22:23:57,128] Login - Step 04: Click to 'Login' button
<br>]]>
    </line>
    <line>
      <![CDATA[[INFO ] [2023-04-03 22:23:57,900] Login - Step 05: Verify login success message is displayed
<br>]]>
    </line>
    <line>
      <![CDATA[[INFO ] [2023-04-03 22:23:57,969] My Account - Step 01: Navigate to 'My Account' page
<br>]]>
    </line>
    <line>
      <![CDATA[[INFO ] [2023-04-03 22:23:58,422] My Account - Step 02: Verify 'Customer Info' page is displayed
<br>]]>
    </line>
    <line>
      <![CDATA[[INFO ] [2023-04-03 22:23:58,474] My Account- Step 03: Verify 'First Name' value is correctly
<br>]]>
    </line>
    <line>
      <![CDATA[[INFO ] [2023-04-03 22:23:58,516] My Account- Step 04: Verify 'Last Name' value is correctly
<br>]]>
    </line>
    <line>
      <![CDATA[[INFO ] [2023-04-03 22:23:58,563] My Account- Step 05: Verify 'Email' value is correctly
<br>]]>
    </line>
    <line>
      <![CDATA[[INFO ] [2023-04-03 22:23:58,613] OS name = mac os x
<br>]]>
    </line>
    <line>
      <![CDATA[[INFO ] [2023-04-03 22:23:58,613] Driver instance name = chromedriver: chrome on mac (1f358aaf38dbe940503c8a25336cb25a)
<br>]]>
    </line>
  </reporter-output>
  <suite started-at="2023-04-03T15:23:35Z" name="NopCommerce" finished-at="2023-04-03T15:23:58Z" duration-ms="23161">
    <groups>
    </groups>
    <test started-at="2023-04-03T15:23:35Z" name="Run On Chrome" finished-at="2023-04-03T15:23:58Z" duration-ms="23161">
      <class name="com.nopcommerce.user.Level_22_Multiple_Environment_Owner">
        <test-method is-config="true" signature="initBeforeSuite()[pri:0, instance:com.nopcommerce.user.Level_22_Multiple_Environment_Owner@37c2eacb]" started-at="2023-04-03T15:23:35Z" name="initBeforeSuite" finished-at="2023-04-03T15:23:35Z" duration-ms="91" status="PASS">
          <reporter-output>
          </reporter-output>
        </test-method> <!-- initBeforeSuite -->
        <test-method is-config="true" signature="beforeClass(java.lang.String, java.lang.String)[pri:0, instance:com.nopcommerce.user.Level_22_Multiple_Environment_Owner@37c2eacb]" started-at="2023-04-03T15:23:35Z" name="beforeClass" finished-at="2023-04-03T15:23:43Z" duration-ms="7395" status="PASS">
          <params>
            <param index="0">
              <value>
                <![CDATA[chrome]]>
              </value>
            </param>
            <param index="1">
              <value>
                <![CDATA[DEV]]>
              </value>
            </param>
          </params>
          <reporter-output>
          </reporter-output>
        </test-method> <!-- beforeClass -->
        <test-method signature="User_01_Register()[pri:0, instance:com.nopcommerce.user.Level_22_Multiple_Environment_Owner@37c2eacb]" started-at="2023-04-03T15:23:43Z" name="User_01_Register" finished-at="2023-04-03T15:23:56Z" duration-ms="13075" status="PASS">
          <reporter-output>
            <line>
              <![CDATA[[INFO ] [2023-04-03 22:23:43,261] Register - Step 01: Navigate to 'Register' page
<br>]]>
            </line>
            <line>
              <![CDATA[[INFO ] [2023-04-03 22:23:43,854] Register - Step 02: Click to Radio Button
<br>]]>
            </line>
            <line>
              <![CDATA[[INFO ] [2023-04-03 22:23:44,013] Register - Step 03: Enter to Firstname textbox with value is 'Automation'
<br>]]>
            </line>
            <line>
              <![CDATA[[INFO ] [2023-04-03 22:23:44,254] Register - Step 04: Enter to Lastname textbox with value is 'FC'
<br>]]>
            </line>
            <line>
              <![CDATA[[INFO ] [2023-04-03 22:23:44,396] Register - Step 05: Select to dropdown DateOfBirthDay with value is '24'
<br>]]>
            </line>
            <line>
              <![CDATA[[INFO ] [2023-04-03 22:23:44,572] Register - Step 06: Select to dropdown DateOfBirthMonth with value is '11'
<br>]]>
            </line>
            <line>
              <![CDATA[[INFO ] [2023-04-03 22:23:44,683] Register - Step 07: Select to dropdown DateOfBirthYear with value is '1994'
<br>]]>
            </line>
            <line>
              <![CDATA[[INFO ] [2023-04-03 22:23:44,791] Register - Step 08: Enter to Email textbox with value is 'automationfc32512@fakemail.com'
<br>]]>
            </line>
            <line>
              <![CDATA[[INFO ] [2023-04-03 22:23:45,055] Register - Step 09: Enter to Password textbox with value is '123456'
<br>]]>
            </line>
            <line>
              <![CDATA[[INFO ] [2023-04-03 22:23:45,203] Register - Step 10: Enter to Confirm Password textbox with value is '123456'
<br>]]>
            </line>
            <line>
              <![CDATA[[INFO ] [2023-04-03 22:23:45,339] Register - Step 11: Click to Check Box
<br>]]>
            </line>
            <line>
              <![CDATA[[INFO ] [2023-04-03 22:23:55,411] Register - Step 12: Click to 'Register' button
<br>]]>
            </line>
            <line>
              <![CDATA[[INFO ] [2023-04-03 22:23:56,207] Register - Step 13: Verify register success message is displayed
<br>]]>
            </line>
          </reporter-output>
        </test-method> <!-- User_01_Register -->
        <test-method signature="User_02_Login()[pri:0, instance:com.nopcommerce.user.Level_22_Multiple_Environment_Owner@37c2eacb]" started-at="2023-04-03T15:23:56Z" name="User_02_Login" finished-at="2023-04-03T15:23:57Z" duration-ms="1573" status="PASS">
          <reporter-output>
            <line>
              <![CDATA[[INFO ] [2023-04-03 22:23:56,396] Login - Step 01: Navigate to 'Login' page
<br>]]>
            </line>
            <line>
              <![CDATA[[INFO ] [2023-04-03 22:23:56,839] Login - Step 02: Enter to Email textbox with value is 'automationfc32512@fakemail.com'
<br>]]>
            </line>
            <line>
              <![CDATA[[INFO ] [2023-04-03 22:23:56,997] Login - Step 03: Enter to Password textbox with value is '123456'
<br>]]>
            </line>
            <line>
              <![CDATA[[INFO ] [2023-04-03 22:23:57,128] Login - Step 04: Click to 'Login' button
<br>]]>
            </line>
            <line>
              <![CDATA[[INFO ] [2023-04-03 22:23:57,900] Login - Step 05: Verify login success message is displayed
<br>]]>
            </line>
          </reporter-output>
        </test-method> <!-- User_02_Login -->
        <test-method signature="User_03_My_Account()[pri:0, instance:com.nopcommerce.user.Level_22_Multiple_Environment_Owner@37c2eacb]" started-at="2023-04-03T15:23:57Z" name="User_03_My_Account" finished-at="2023-04-03T15:23:58Z" duration-ms="642" status="PASS">
          <reporter-output>
            <line>
              <![CDATA[[INFO ] [2023-04-03 22:23:57,969] My Account - Step 01: Navigate to 'My Account' page
<br>]]>
            </line>
            <line>
              <![CDATA[[INFO ] [2023-04-03 22:23:58,422] My Account - Step 02: Verify 'Customer Info' page is displayed
<br>]]>
            </line>
            <line>
              <![CDATA[[INFO ] [2023-04-03 22:23:58,474] My Account- Step 03: Verify 'First Name' value is correctly
<br>]]>
            </line>
            <line>
              <![CDATA[[INFO ] [2023-04-03 22:23:58,516] My Account- Step 04: Verify 'Last Name' value is correctly
<br>]]>
            </line>
            <line>
              <![CDATA[[INFO ] [2023-04-03 22:23:58,563] My Account- Step 05: Verify 'Email' value is correctly
<br>]]>
            </line>
          </reporter-output>
        </test-method> <!-- User_03_My_Account -->
        <test-method is-config="true" signature="afterClass()[pri:0, instance:com.nopcommerce.user.Level_22_Multiple_Environment_Owner@37c2eacb]" started-at="2023-04-03T15:23:58Z" name="afterClass" finished-at="2023-04-03T15:23:58Z" duration-ms="281" status="PASS">
          <reporter-output>
            <line>
              <![CDATA[[INFO ] [2023-04-03 22:23:58,613] OS name = mac os x
<br>]]>
            </line>
            <line>
              <![CDATA[[INFO ] [2023-04-03 22:23:58,613] Driver instance name = chromedriver: chrome on mac (1f358aaf38dbe940503c8a25336cb25a)
<br>]]>
            </line>
          </reporter-output>
        </test-method> <!-- afterClass -->
      </class> <!-- com.nopcommerce.user.Level_22_Multiple_Environment_Owner -->
    </test> <!-- Run On Chrome -->
  </suite> <!-- NopCommerce -->
</testng-results>
