<?xml version="1.0" encoding="UTF-8"?>
<testng-results ignored="0" total="3" passed="3" failed="0" skipped="0">
  <reporter-output>
    <line>
      <![CDATA[[INFO ] [2023-03-23 12:41:29,741] Register - Step 01: Navigate to 'Register' page
<br>]]>
    </line>
    <line>
      <![CDATA[[INFO ] [2023-03-23 12:41:30,324] Register - Step 02: Click to Radio Button
<br>]]>
    </line>
    <line>
      <![CDATA[[INFO ] [2023-03-23 12:41:30,433] Register - Step 03: Enter to Firstname textbox with value is 'Automation'
<br>]]>
    </line>
    <line>
      <![CDATA[[INFO ] [2023-03-23 12:41:30,651] Register - Step 04: Enter to Lastname textbox with value is 'FC'
<br>]]>
    </line>
    <line>
      <![CDATA[[INFO ] [2023-03-23 12:41:30,757] Register - Step 05: Select to dropdown DateOfBirthDay with value is '24'
<br>]]>
    </line>
    <line>
      <![CDATA[[INFO ] [2023-03-23 12:41:30,898] Register - Step 06: Select to dropdown DateOfBirthMonth with value is '11'
<br>]]>
    </line>
    <line>
      <![CDATA[[INFO ] [2023-03-23 12:41:30,992] Register - Step 07: Select to dropdown DateOfBirthYear with value is '1994'
<br>]]>
    </line>
    <line>
      <![CDATA[[INFO ] [2023-03-23 12:41:31,083] Register - Step 08: Enter to Email textbox with value is 'automationfc75784@fakemail.com'
<br>]]>
    </line>
    <line>
      <![CDATA[[INFO ] [2023-03-23 12:41:31,266] Register - Step 09: Enter to Password textbox with value is '123456'
<br>]]>
    </line>
    <line>
      <![CDATA[[INFO ] [2023-03-23 12:41:31,372] Register - Step 10: Enter to Confirm Password textbox with value is '123456'
<br>]]>
    </line>
    <line>
      <![CDATA[[INFO ] [2023-03-23 12:41:31,473] Register - Step 11: Click to Check Box
<br>]]>
    </line>
    <line>
      <![CDATA[[INFO ] [2023-03-23 12:41:41,530] Register - Step 12: Click to 'Register' button
<br>]]>
    </line>
    <line>
      <![CDATA[[INFO ] [2023-03-23 12:41:43,051] Register - Step 13: Verify register success message is displayed
<br>]]>
    </line>
    <line>
      <![CDATA[[INFO ] [2023-03-23 12:41:43,201] Login - Step 01: Navigate to 'Login' page
<br>]]>
    </line>
    <line>
      <![CDATA[[INFO ] [2023-03-23 12:41:43,792] Login - Step 02: Enter to Email textbox with value is 'automationfc75784@fakemail.com'
<br>]]>
    </line>
    <line>
      <![CDATA[[INFO ] [2023-03-23 12:41:43,893] Login - Step 03: Enter to Password textbox with value is '123456'
<br>]]>
    </line>
    <line>
      <![CDATA[[INFO ] [2023-03-23 12:41:43,992] Login - Step 04: Click to 'Login' button
<br>]]>
    </line>
    <line>
      <![CDATA[[INFO ] [2023-03-23 12:41:44,701] Login - Step 05: Verify login success message is displayed
<br>]]>
    </line>
    <line>
      <![CDATA[[INFO ] [2023-03-23 12:41:44,746] My Account - Step 01: Navigate to 'My Account' page
<br>]]>
    </line>
    <line>
      <![CDATA[[INFO ] [2023-03-23 12:41:45,161] My Account - Step 02: Verify 'Customer Info' page is displayed
<br>]]>
    </line>
    <line>
      <![CDATA[[INFO ] [2023-03-23 12:41:45,205] My Account- Step 03: Verify 'First Name' value is correctly
<br>]]>
    </line>
    <line>
      <![CDATA[[INFO ] [2023-03-23 12:41:45,240] My Account- Step 04: Verify 'Last Name' value is correctly
<br>]]>
    </line>
    <line>
      <![CDATA[[INFO ] [2023-03-23 12:41:45,275] My Account- Step 05: Verify 'Email' value is correctly
<br>]]>
    </line>
    <line>
      <![CDATA[[INFO ] [2023-03-23 12:41:45,310] OS name = mac os x
<br>]]>
    </line>
    <line>
      <![CDATA[[INFO ] [2023-03-23 12:41:45,311] Driver instance name = chromedriver: chrome on mac (1cdf0edc20ab6ce68979bb1202448b2a)
<br>]]>
    </line>
  </reporter-output>
  <suite started-at="2023-03-23T05:41:22Z" name="NopCommerce" finished-at="2023-03-23T05:41:45Z" duration-ms="22780">
    <groups>
    </groups>
    <test started-at="2023-03-23T05:41:22Z" name="Run On Chrome" finished-at="2023-03-23T05:41:45Z" duration-ms="22780">
      <class name="com.nopcommerce.user.Level_22_Multiple_Environment_Owner">
        <test-method is-config="true" signature="initBeforeSuite()[pri:0, instance:com.nopcommerce.user.Level_22_Multiple_Environment_Owner@66c83fc8]" started-at="2023-03-23T05:41:22Z" name="initBeforeSuite" finished-at="2023-03-23T05:41:22Z" duration-ms="47" status="PASS">
          <reporter-output>
          </reporter-output>
        </test-method> <!-- initBeforeSuite -->
        <test-method is-config="true" signature="beforeClass(java.lang.String, java.lang.String)[pri:0, instance:com.nopcommerce.user.Level_22_Multiple_Environment_Owner@66c83fc8]" started-at="2023-03-23T05:41:22Z" name="beforeClass" finished-at="2023-03-23T05:41:29Z" duration-ms="6613" status="PASS">
          <params>
            <param index="0">
              <value>
                <![CDATA[chrome]]>
              </value>
            </param>
            <param index="1">
              <value>
                <![CDATA[DEV]]>
              </value>
            </param>
          </params>
          <reporter-output>
          </reporter-output>
        </test-method> <!-- beforeClass -->
        <test-method signature="User_01_Register()[pri:0, instance:com.nopcommerce.user.Level_22_Multiple_Environment_Owner@66c83fc8]" started-at="2023-03-23T05:41:29Z" name="User_01_Register" finished-at="2023-03-23T05:41:43Z" duration-ms="13606" status="PASS">
          <reporter-output>
            <line>
              <![CDATA[[INFO ] [2023-03-23 12:41:29,741] Register - Step 01: Navigate to 'Register' page
<br>]]>
            </line>
            <line>
              <![CDATA[[INFO ] [2023-03-23 12:41:30,324] Register - Step 02: Click to Radio Button
<br>]]>
            </line>
            <line>
              <![CDATA[[INFO ] [2023-03-23 12:41:30,433] Register - Step 03: Enter to Firstname textbox with value is 'Automation'
<br>]]>
            </line>
            <line>
              <![CDATA[[INFO ] [2023-03-23 12:41:30,651] Register - Step 04: Enter to Lastname textbox with value is 'FC'
<br>]]>
            </line>
            <line>
              <![CDATA[[INFO ] [2023-03-23 12:41:30,757] Register - Step 05: Select to dropdown DateOfBirthDay with value is '24'
<br>]]>
            </line>
            <line>
              <![CDATA[[INFO ] [2023-03-23 12:41:30,898] Register - Step 06: Select to dropdown DateOfBirthMonth with value is '11'
<br>]]>
            </line>
            <line>
              <![CDATA[[INFO ] [2023-03-23 12:41:30,992] Register - Step 07: Select to dropdown DateOfBirthYear with value is '1994'
<br>]]>
            </line>
            <line>
              <![CDATA[[INFO ] [2023-03-23 12:41:31,083] Register - Step 08: Enter to Email textbox with value is 'automationfc75784@fakemail.com'
<br>]]>
            </line>
            <line>
              <![CDATA[[INFO ] [2023-03-23 12:41:31,266] Register - Step 09: Enter to Password textbox with value is '123456'
<br>]]>
            </line>
            <line>
              <![CDATA[[INFO ] [2023-03-23 12:41:31,372] Register - Step 10: Enter to Confirm Password textbox with value is '123456'
<br>]]>
            </line>
            <line>
              <![CDATA[[INFO ] [2023-03-23 12:41:31,473] Register - Step 11: Click to Check Box
<br>]]>
            </line>
            <line>
              <![CDATA[[INFO ] [2023-03-23 12:41:41,530] Register - Step 12: Click to 'Register' button
<br>]]>
            </line>
            <line>
              <![CDATA[[INFO ] [2023-03-23 12:41:43,051] Register - Step 13: Verify register success message is displayed
<br>]]>
            </line>
          </reporter-output>
        </test-method> <!-- User_01_Register -->
        <test-method signature="User_02_Login()[pri:0, instance:com.nopcommerce.user.Level_22_Multiple_Environment_Owner@66c83fc8]" started-at="2023-03-23T05:41:43Z" name="User_02_Login" finished-at="2023-03-23T05:41:44Z" duration-ms="1545" status="PASS">
          <reporter-output>
            <line>
              <![CDATA[[INFO ] [2023-03-23 12:41:43,201] Login - Step 01: Navigate to 'Login' page
<br>]]>
            </line>
            <line>
              <![CDATA[[INFO ] [2023-03-23 12:41:43,792] Login - Step 02: Enter to Email textbox with value is 'automationfc75784@fakemail.com'
<br>]]>
            </line>
            <line>
              <![CDATA[[INFO ] [2023-03-23 12:41:43,893] Login - Step 03: Enter to Password textbox with value is '123456'
<br>]]>
            </line>
            <line>
              <![CDATA[[INFO ] [2023-03-23 12:41:43,992] Login - Step 04: Click to 'Login' button
<br>]]>
            </line>
            <line>
              <![CDATA[[INFO ] [2023-03-23 12:41:44,701] Login - Step 05: Verify login success message is displayed
<br>]]>
            </line>
          </reporter-output>
        </test-method> <!-- User_02_Login -->
        <test-method signature="User_03_My_Account()[pri:0, instance:com.nopcommerce.user.Level_22_Multiple_Environment_Owner@66c83fc8]" started-at="2023-03-23T05:41:44Z" name="User_03_My_Account" finished-at="2023-03-23T05:41:45Z" duration-ms="563" status="PASS">
          <reporter-output>
            <line>
              <![CDATA[[INFO ] [2023-03-23 12:41:44,746] My Account - Step 01: Navigate to 'My Account' page
<br>]]>
            </line>
            <line>
              <![CDATA[[INFO ] [2023-03-23 12:41:45,161] My Account - Step 02: Verify 'Customer Info' page is displayed
<br>]]>
            </line>
            <line>
              <![CDATA[[INFO ] [2023-03-23 12:41:45,205] My Account- Step 03: Verify 'First Name' value is correctly
<br>]]>
            </line>
            <line>
              <![CDATA[[INFO ] [2023-03-23 12:41:45,240] My Account- Step 04: Verify 'Last Name' value is correctly
<br>]]>
            </line>
            <line>
              <![CDATA[[INFO ] [2023-03-23 12:41:45,275] My Account- Step 05: Verify 'Email' value is correctly
<br>]]>
            </line>
          </reporter-output>
        </test-method> <!-- User_03_My_Account -->
        <test-method is-config="true" signature="afterClass()[pri:0, instance:com.nopcommerce.user.Level_22_Multiple_Environment_Owner@66c83fc8]" started-at="2023-03-23T05:41:45Z" name="afterClass" finished-at="2023-03-23T05:41:45Z" duration-ms="320" status="PASS">
          <reporter-output>
            <line>
              <![CDATA[[INFO ] [2023-03-23 12:41:45,310] OS name = mac os x
<br>]]>
            </line>
            <line>
              <![CDATA[[INFO ] [2023-03-23 12:41:45,311] Driver instance name = chromedriver: chrome on mac (1cdf0edc20ab6ce68979bb1202448b2a)
<br>]]>
            </line>
          </reporter-output>
        </test-method> <!-- afterClass -->
      </class> <!-- com.nopcommerce.user.Level_22_Multiple_Environment_Owner -->
    </test> <!-- Run On Chrome -->
  </suite> <!-- NopCommerce -->
</testng-results>
