<?xml version="1.0" encoding="UTF-8"?>
<!-- Generated by org.testng.reporters.JUnitXMLReporter -->
<testsuite ignored="0" hostname="VL-HCM-LAP-MACVG3QC.local" failures="0" tests="3" name="Run On Chrome" time="22.78" errors="0" timestamp="23 Mar 2023 05:41:45 GMT">
  <testcase classname="com.nopcommerce.user.Level_22_Multiple_Environment_Owner" name="User_01_Register" time="13.606"/>
  <testcase classname="com.nopcommerce.user.Level_22_Multiple_Environment_Owner" name="User_02_Login" time="1.545"/>
  <testcase classname="com.nopcommerce.user.Level_22_Multiple_Environment_Owner" name="User_03_My_Account" time="0.563"/>
</testsuite> <!-- Run On Chrome -->
