<?xml version="1.0" encoding="UTF-8"?>
<!-- Generated by org.testng.reporters.JUnitXMLReporter -->
<testsuite ignored="0" hostname="192.168.1.4" failures="0" tests="3" name="Run On Chrome" time="23.161" errors="0" timestamp="03 Apr 2023 15:23:58 GMT">
  <testcase classname="com.nopcommerce.user.Level_22_Multiple_Environment_Owner" name="User_01_Register" time="13.075"/>
  <testcase classname="com.nopcommerce.user.Level_22_Multiple_Environment_Owner" name="User_02_Login" time="1.573"/>
  <testcase classname="com.nopcommerce.user.Level_22_Multiple_Environment_Owner" name="User_03_My_Account" time="0.642"/>
</testsuite> <!-- Run On Chrome -->
